
Showing logs for build [32mjstrachan-godemo37-master-vphjz-2[0m stage [32mfrom-build-pack[0m and container [32mstep-credential-initializer-fsdfn[0m
{"level":"warn","ts":1584703118.5429385,"logger":"fallback-logger","caller":"logging/config.go:69","msg":"Fetch GitHub commit ID from kodata failed: \"ref: refs/heads/0.8.0-**-support-backwards-incompats\" is not a valid GitHub commit ID"}
{"level":"info","ts":1584703118.5458002,"logger":"fallback-logger","caller":"creds-init/main.go:40","msg":"Credentials initialized."}

Showing logs for build [32mjstrachan-godemo37-master-vphjz-2[0m stage [32mfrom-build-pack[0m and container [32mstep-working-dir-initializer-6w8p5[0m
{"level":"warn","ts":1584703119.6600606,"logger":"fallback-logger","caller":"logging/config.go:69","msg":"Fetch GitHub commit ID from kodata failed: open /var/run/ko/HEAD: no such file or directory"}
{"level":"info","ts":1584703119.6616783,"logger":"fallback-logger","caller":"bash/main.go:64","msg":"Successfully executed command \"sh -c mkdir -p /workspace/source\"; output "}

Showing logs for build [32mjstrachan-godemo37-master-vphjz-2[0m stage [32mfrom-build-pack[0m and container [32mstep-place-tools[0m

Showing logs for build [32mjstrachan-godemo37-master-vphjz-2[0m stage [32mfrom-build-pack[0m and container [32mstep-git-source-jstrachan-godemo37-master-vphjz-vlwhk[0m
{"level":"warn","ts":1584703127.0137444,"logger":"fallback-logger","caller":"logging/config.go:69","msg":"Fetch GitHub commit ID from kodata failed: \"ref: refs/heads/0.8.0-**-support-backwards-incompats\" is not a valid GitHub commit ID"}
{"level":"info","ts":1584703128.100825,"logger":"fallback-logger","caller":"git/git.go:103","msg":"Successfully cloned https://github.com/*********/godemo37.git @ v0.0.2 in path /workspace/source"}

Showing logs for build [32mjstrachan-godemo37-master-vphjz-2[0m stage [32mfrom-build-pack[0m and container [32mstep-git-merge[0m
Using SHAs from PULL_REFS=master:80a103ecf88d0d4a5ba8e74f07d7e708cd6fea50
WARNING: no SHAs to merge, falling back to initial cloned commit

Showing logs for build [32mjstrachan-godemo37-master-vphjz-2[0m stage [32mfrom-build-pack[0m and container [32mstep-setup-jx-git-credentials[0m
Generated Git credentials file /workspace/xdg_config/git/credentials

Showing logs for build [32mjstrachan-godemo37-master-vphjz-2[0m stage [32mfrom-build-pack[0m and container [32mstep-build-make-build[0m
CGO_ENABLED=0 GO15VENDOREXPERIMENT=1 go build -ldflags '' -o bin/godemo37 main.go

Showing logs for build [32mjstrachan-godemo37-master-vphjz-2[0m stage [32mfrom-build-pack[0m and container [32mstep-build-container-build[0m
ERROR: logging before flag.Parse: E0320 11:19:02.365226      12 metadata.go:241] Failed to unmarshal scopes: invalid character 'h' looking for beginning of value
[36mINFO[0m[0001] No base image, nothing to extract            
[36mINFO[0m[0001] cmd: EXPOSE                                  
[36mINFO[0m[0001] Adding exposed port: 8080/tcp                
[36mINFO[0m[0001] Using files from context: [/workspace/source/bin] 
[36mINFO[0m[0001] Skipping unpacking as no commands require it. 
[36mINFO[0m[0001] Taking snapshot of full filesystem...        
[36mINFO[0m[0001] EXPOSE 8080                                  
[36mINFO[0m[0001] cmd: EXPOSE                                  
[36mINFO[0m[0001] Adding exposed port: 8080/tcp                
[36mINFO[0m[0001] No files changed in this command, skipping snapshotting. 
[36mINFO[0m[0001] ENTRYPOINT ["/godemo37"]                     
[36mINFO[0m[0001] No files changed in this command, skipping snapshotting. 
[36mINFO[0m[0001] Using files from context: [/workspace/source/bin] 
[36mINFO[0m[0001] COPY ./bin/ /                                
[36mINFO[0m[0001] Taking snapshot of files...                  
2020/03/20 11:19:06 pushed blob: sha256:7a5808bf18c500d83ec01fd11311645286984345bae81fca9034eb6bbfa04964
2020/03/20 11:19:07 pushed blob: sha256:3fd789d169321e8ea9d144cbf41de518ceda701ef84d26cec68cb692049aa713
2020/03/20 11:19:08 gcr.io/*********-multicluster/godemo37:0.0.2: digest: sha256:408377ef5217370f556dd6dbbecbec89161ee122193a158c7375932b6328f123 size: 428

Showing logs for build [32mjstrachan-godemo37-master-vphjz-2[0m stage [32mfrom-build-pack[0m and container [32mstep-build-post-build[0m
no CVE provider running in the current ** namespace so skip adding image to be analysed

Showing logs for build [32mjstrachan-godemo37-master-vphjz-2[0m stage [32mfrom-build-pack[0m and container [32mstep-promote-changelog[0m
Converted /workspace/source/charts/godemo37 to an unshallow repository
Generating change log from git ref c197e89998313590fef8f9221b1ee397c092a941 => a6e020d3c63d9473a0f58916917899009825d925
Associating user x-0 in users.jenkins.io with email james.strachan@gmail.com to git GitProvider user with login -0 as emails match
Adding label jenkins.io/git-github-userid=-0 to user x-0 in users.jenkins.io
WARNING: Failed to enrich commit 80a103ecf88d0d4a5ba8e74f07d7e708cd6fea50 with issues: User.jenkins.io "x-0" is invalid: metadata.labels: Invalid value: "-0": a valid label must be an empty string or consist of alphanumeric characters, '-', '_' or '.', and must start and end with an alphanumeric character (e.g. 'MyValue',  or 'my_value',  or '12345', regex used for validation is '(([A-Za-z0-9][-A-Za-z0-9_.]*)?[A-Za-z0-9])?')
WARNING: Failed to enrich commit 80a103ecf88d0d4a5ba8e74f07d7e708cd6fea50 with issues: users.jenkins.io "x-0" already exists
Finding issues in commit messages using git format
WARNING: No release found for *********/godemo37 and tag v0.0.2 so creating a new release
Updated the release information at https://github.com/*********/godemo37/releases/tag/v0.0.2
generated: /workspace/source/charts/godemo37/templates/release.yaml
Created Release godemo37-0-0-2 resource in namespace **
Updating PipelineActivity *********-godemo37-master-2 with version 0.0.2
Updated PipelineActivities *********-godemo37-master-2 with release notes URL: https://github.com/*********/godemo37/releases/tag/v0.0.2

Showing logs for build [32mjstrachan-godemo37-master-vphjz-2[0m stage [32mfrom-build-pack[0m and container [32mstep-promote-helm-release[0m
Adding missing Helm repo: storage.googleapis.com https://storage.googleapis.com/chartmuseum.jenkins-x.io
Successfully added Helm repository storage.googleapis.com.
Adding missing Helm repo: bucketrepo http://bucketrepo/bucketrepo/charts/
Successfully added Helm repository bucketrepo.
Uploading chart file godemo37-0.0.2.tgz to http://bucketrepo/bucketrepo/charts/api/charts
Received 200 response: 

Showing logs for build [32mjstrachan-godemo37-master-vphjz-2[0m stage [32mfrom-build-pack[0m and container [32mstep-promote-jx-promote[0m
WARNING: prow based install so skip waiting for the merge of Pull Requests to go green as currently there is an issue with gettingstatuses from the PR, see https://github.com/jenkins-x/**/issues/2410
WARNING: No $CHART_REPOSITORY defined so using the default value of: http://jenkins-x-chartmuseum:8080
Promoting app godemo37 version 0.0.2 to namespace **-staging
WARNING: 
Created Pull Request: https://github.com/*********/environment-bucketrepo-staging/pull/28
Added label updatebot to Pull Request https://github.com/*********/environment-bucketrepo-staging/pull/28
WARNING: Failed to query the Pull Request last commit status for https://github.com/*********/environment-bucketrepo-staging/pull/28 ref 476a4abbc48d85cfe642ccc2393c252f802ff1ab Could not find a status for repository *********/environment-bucketrepo-staging with ref 476a4abbc48d85cfe642ccc2393c252f802ff1ab
got git provider status pending from PR https://github.com/*********/environment-bucketrepo-staging/pull/28
got git provider status pending from PR https://github.com/*********/environment-bucketrepo-staging/pull/28
got git provider status pending from PR https://github.com/*********/environment-bucketrepo-staging/pull/28
Pull Request https://github.com/*********/environment-bucketrepo-staging/pull/28 is merged at sha f954b4e68e87e616bae17b9f92e7a55d4e2fab84
Pull Request merged but we are not waiting for the update pipeline to complete!
WARNING: Could not find the service URL in namespace **-staging for names godemo37, **-godemo37, **-staging-godemo37
