
Showing logs for build [32mjstrachan-godemo37-master-s5nnv-3[0m stage [32mfrom-build-pack[0m and container [32mstep-credential-initializer-jzqnv[0m
{"level":"warn","ts":1584703424.0683985,"logger":"fallback-logger","caller":"logging/config.go:69","msg":"Fetch GitHub commit ID from kodata failed: \"ref: refs/heads/0.8.0-**-support-backwards-incompats\" is not a valid GitHub commit ID"}
{"level":"info","ts":1584703424.0692844,"logger":"fallback-logger","caller":"creds-init/main.go:40","msg":"Credentials initialized."}

Showing logs for build [32mjstrachan-godemo37-master-s5nnv-3[0m stage [32mfrom-build-pack[0m and container [32mstep-working-dir-initializer-wbjgr[0m
{"level":"warn","ts":1584703425.5646498,"logger":"fallback-logger","caller":"logging/config.go:69","msg":"Fetch GitHub commit ID from kodata failed: open /var/run/ko/HEAD: no such file or directory"}
{"level":"info","ts":1584703425.5659566,"logger":"fallback-logger","caller":"bash/main.go:64","msg":"Successfully executed command \"sh -c mkdir -p /workspace/source\"; output "}

Showing logs for build [32mjstrachan-godemo37-master-s5nnv-3[0m stage [32mfrom-build-pack[0m and container [32mstep-place-tools[0m

Showing logs for build [32mjstrachan-godemo37-master-s5nnv-3[0m stage [32mfrom-build-pack[0m and container [32mstep-git-source-jstrachan-godemo37-master-s5nnv-nlbf8[0m
{"level":"warn","ts":1584703431.7822864,"logger":"fallback-logger","caller":"logging/config.go:69","msg":"Fetch GitHub commit ID from kodata failed: \"ref: refs/heads/0.8.0-**-support-backwards-incompats\" is not a valid GitHub commit ID"}
{"level":"info","ts":1584703432.854096,"logger":"fallback-logger","caller":"git/git.go:103","msg":"Successfully cloned https://github.com/*********/godemo37.git @ v0.0.3 in path /workspace/source"}

Showing logs for build [32mjstrachan-godemo37-master-s5nnv-3[0m stage [32mfrom-build-pack[0m and container [32mstep-git-merge[0m
Using SHAs from PULL_REFS=master:1b578b3a2d9ca06a57f181ba13046cd470827e26
WARNING: no SHAs to merge, falling back to initial cloned commit

Showing logs for build [32mjstrachan-godemo37-master-s5nnv-3[0m stage [32mfrom-build-pack[0m and container [32mstep-setup-jx-git-credentials[0m
Generated Git credentials file /workspace/xdg_config/git/credentials

Showing logs for build [32mjstrachan-godemo37-master-s5nnv-3[0m stage [32mfrom-build-pack[0m and container [32mstep-build-make-build[0m
CGO_ENABLED=0 GO15VENDOREXPERIMENT=1 go build -ldflags '' -o bin/godemo37 main.go

Showing logs for build [32mjstrachan-godemo37-master-s5nnv-3[0m stage [32mfrom-build-pack[0m and container [32mstep-build-container-build[0m
ERROR: logging before flag.Parse: E0320 11:24:05.078054      12 metadata.go:241] Failed to unmarshal scopes: invalid character 'h' looking for beginning of value
[36mINFO[0m[0001] No base image, nothing to extract            
[36mINFO[0m[0001] cmd: EXPOSE                                  
[36mINFO[0m[0001] Adding exposed port: 8080/tcp                
[36mINFO[0m[0001] Using files from context: [/workspace/source/bin] 
[36mINFO[0m[0001] Skipping unpacking as no commands require it. 
[36mINFO[0m[0001] Taking snapshot of full filesystem...        
[36mINFO[0m[0001] EXPOSE 8080                                  
[36mINFO[0m[0001] cmd: EXPOSE                                  
[36mINFO[0m[0001] Adding exposed port: 8080/tcp                
[36mINFO[0m[0001] No files changed in this command, skipping snapshotting. 
[36mINFO[0m[0001] ENTRYPOINT ["/godemo37"]                     
[36mINFO[0m[0001] No files changed in this command, skipping snapshotting. 
[36mINFO[0m[0001] Using files from context: [/workspace/source/bin] 
[36mINFO[0m[0001] COPY ./bin/ /                                
[36mINFO[0m[0001] Taking snapshot of files...                  
2020/03/20 11:24:08 pushed blob: sha256:e98b97dffa3d2c5db8b6d5be4bcc5ebb694f8d62f94417b0314fb4eaaa2489ad
2020/03/20 11:24:09 pushed blob: sha256:e9336d6f6cf4a6093c9c605d3462e290f2d8dbb930be32158423f87c1ffe2d0f
2020/03/20 11:24:11 gcr.io/*********-multicluster/godemo37:0.0.3: digest: sha256:bdd25dbb5bd7dd943e8217e38724392ac20644db05e8b94fec4c5a5dd6e77b6a size: 428

Showing logs for build [32mjstrachan-godemo37-master-s5nnv-3[0m stage [32mfrom-build-pack[0m and container [32mstep-build-post-build[0m
no CVE provider running in the current ** namespace so skip adding image to be analysed

Showing logs for build [32mjstrachan-godemo37-master-s5nnv-3[0m stage [32mfrom-build-pack[0m and container [32mstep-promote-changelog[0m
Converted /workspace/source/charts/godemo37 to an unshallow repository
Generating change log from git ref a6e020d3c63d9473a0f58916917899009825d925 => 216c82a24651e5c157c1af4bcf30e509b62f9562
Associating user x-0 in users.jenkins.io with email james.strachan@gmail.com to git GitProvider user with login -0 as emails match
Adding label jenkins.io/git-github-userid=-0 to user x-0 in users.jenkins.io
WARNING: Failed to enrich commit 1b578b3a2d9ca06a57f181ba13046cd470827e26 with issues: User.jenkins.io "x-0" is invalid: metadata.labels: Invalid value: "-0": a valid label must be an empty string or consist of alphanumeric characters, '-', '_' or '.', and must start and end with an alphanumeric character (e.g. 'MyValue',  or 'my_value',  or '12345', regex used for validation is '(([A-Za-z0-9][-A-Za-z0-9_.]*)?[A-Za-z0-9])?')
Associating user x-0 in users.jenkins.io with email james.strachan@gmail.com to git GitProvider user with login -0 as emails match
Adding label jenkins.io/git-github-userid=-0 to user x-0 in users.jenkins.io
WARNING: Failed to enrich commit 1b578b3a2d9ca06a57f181ba13046cd470827e26 with issues: User.jenkins.io "x-0" is invalid: metadata.labels: Invalid value: "-0": a valid label must be an empty string or consist of alphanumeric characters, '-', '_' or '.', and must start and end with an alphanumeric character (e.g. 'MyValue',  or 'my_value',  or '12345', regex used for validation is '(([A-Za-z0-9][-A-Za-z0-9_.]*)?[A-Za-z0-9])?')
Finding issues in commit messages using git format
WARNING: No release found for *********/godemo37 and tag v0.0.3 so creating a new release
Updated the release information at https://github.com/*********/godemo37/releases/tag/v0.0.3
generated: /workspace/source/charts/godemo37/templates/release.yaml
Created Release godemo37-0-0-3 resource in namespace **
Updating PipelineActivity *********-godemo37-master-3 with version 0.0.3
Updated PipelineActivities *********-godemo37-master-3 with release notes URL: https://github.com/*********/godemo37/releases/tag/v0.0.3

Showing logs for build [32mjstrachan-godemo37-master-s5nnv-3[0m stage [32mfrom-build-pack[0m and container [32mstep-promote-helm-release[0m
Adding missing Helm repo: storage.googleapis.com https://storage.googleapis.com/chartmuseum.jenkins-x.io
Successfully added Helm repository storage.googleapis.com.
Adding missing Helm repo: bucketrepo http://bucketrepo/bucketrepo/charts/
Successfully added Helm repository bucketrepo.
Uploading chart file godemo37-0.0.3.tgz to http://bucketrepo/bucketrepo/charts/api/charts
Received 200 response: 

Showing logs for build [32mjstrachan-godemo37-master-s5nnv-3[0m stage [32mfrom-build-pack[0m and container [32mstep-promote-jx-promote[0m
WARNING: prow based install so skip waiting for the merge of Pull Requests to go green as currently there is an issue with gettingstatuses from the PR, see https://github.com/jenkins-x/**/issues/2410
WARNING: No $CHART_REPOSITORY defined so using the default value of: http://jenkins-x-chartmuseum:8080
Promoting app godemo37 version 0.0.3 to namespace **-staging
WARNING: 
Created Pull Request: https://github.com/*********/environment-bucketrepo-staging/pull/29
Added label updatebot to Pull Request https://github.com/*********/environment-bucketrepo-staging/pull/29
WARNING: Failed to query the Pull Request last commit status for https://github.com/*********/environment-bucketrepo-staging/pull/29 ref 62ce17236356d98d05a3e4e1cca96963dd505d5a Could not find a status for repository *********/environment-bucketrepo-staging with ref 62ce17236356d98d05a3e4e1cca96963dd505d5a
got git provider status pending from PR https://github.com/*********/environment-bucketrepo-staging/pull/29
got git provider status pending from PR https://github.com/*********/environment-bucketrepo-staging/pull/29
got git provider status pending from PR https://github.com/*********/environment-bucketrepo-staging/pull/29
Pull Request https://github.com/*********/environment-bucketrepo-staging/pull/29 is merged at sha dcd811c75aae72a905fc56a869cb7fb3dba3e319
Pull Request merged but we are not waiting for the update pipeline to complete!
