
Showing logs for build [32mjstrachan-godemo37-master-pd9cf-5[0m stage [32mfrom-build-pack[0m and container [32mstep-credential-initializer-gxrk4[0m
{"level":"warn","ts":1584706539.8545897,"logger":"fallback-logger","caller":"logging/config.go:69","msg":"Fetch GitHub commit ID from kodata failed: \"ref: refs/heads/0.8.0-**-support-backwards-incompats\" is not a valid GitHub commit ID"}
{"level":"info","ts":1584706539.855254,"logger":"fallback-logger","caller":"creds-init/main.go:40","msg":"Credentials initialized."}

Showing logs for build [32mjstrachan-godemo37-master-pd9cf-5[0m stage [32mfrom-build-pack[0m and container [32mstep-working-dir-initializer-r8k9f[0m
{"level":"warn","ts":1584706540.9641192,"logger":"fallback-logger","caller":"logging/config.go:69","msg":"Fetch GitHub commit ID from kodata failed: open /var/run/ko/HEAD: no such file or directory"}
{"level":"info","ts":1584706540.9652576,"logger":"fallback-logger","caller":"bash/main.go:64","msg":"Successfully executed command \"sh -c mkdir -p /workspace/source\"; output "}

Showing logs for build [32mjstrachan-godemo37-master-pd9cf-5[0m stage [32mfrom-build-pack[0m and container [32mstep-place-tools[0m

Showing logs for build [32mjstrachan-godemo37-master-pd9cf-5[0m stage [32mfrom-build-pack[0m and container [32mstep-git-source-jstrachan-godemo37-master-pd9cf-j22tj[0m
{"level":"warn","ts":1584706547.2058296,"logger":"fallback-logger","caller":"logging/config.go:69","msg":"Fetch GitHub commit ID from kodata failed: \"ref: refs/heads/0.8.0-**-support-backwards-incompats\" is not a valid GitHub commit ID"}
{"level":"info","ts":1584706548.2678015,"logger":"fallback-logger","caller":"git/git.go:103","msg":"Successfully cloned https://github.com/*********/godemo37.git @ v0.0.5 in path /workspace/source"}

Showing logs for build [32mjstrachan-godemo37-master-pd9cf-5[0m stage [32mfrom-build-pack[0m and container [32mstep-git-merge[0m
Using SHAs from PULL_REFS=master:6f47e56de4f67aa27a507f88666edbb0d6b71e2f
WARNING: no SHAs to merge, falling back to initial cloned commit

Showing logs for build [32mjstrachan-godemo37-master-pd9cf-5[0m stage [32mfrom-build-pack[0m and container [32mstep-setup-jx-git-credentials[0m
Generated Git credentials file /workspace/xdg_config/git/credentials

Showing logs for build [32mjstrachan-godemo37-master-pd9cf-5[0m stage [32mfrom-build-pack[0m and container [32mstep-build-make-build[0m
CGO_ENABLED=0 GO15VENDOREXPERIMENT=1 go build -ldflags '' -o bin/godemo37 main.go

Showing logs for build [32mjstrachan-godemo37-master-pd9cf-5[0m stage [32mfrom-build-pack[0m and container [32mstep-build-container-build[0m
ERROR: logging before flag.Parse: E0320 12:16:06.258376      12 metadata.go:241] Failed to unmarshal scopes: invalid character 'h' looking for beginning of value
[36mINFO[0m[0002] No base image, nothing to extract            
[36mINFO[0m[0002] cmd: EXPOSE                                  
[36mINFO[0m[0002] Adding exposed port: 8080/tcp                
[36mINFO[0m[0002] Using files from context: [/workspace/source/bin] 
[36mINFO[0m[0002] Skipping unpacking as no commands require it. 
[36mINFO[0m[0002] Taking snapshot of full filesystem...        
[36mINFO[0m[0002] EXPOSE 8080                                  
[36mINFO[0m[0002] cmd: EXPOSE                                  
[36mINFO[0m[0002] Adding exposed port: 8080/tcp                
[36mINFO[0m[0002] No files changed in this command, skipping snapshotting. 
[36mINFO[0m[0002] ENTRYPOINT ["/godemo37"]                     
[36mINFO[0m[0002] No files changed in this command, skipping snapshotting. 
[36mINFO[0m[0002] Using files from context: [/workspace/source/bin] 
[36mINFO[0m[0002] COPY ./bin/ /                                
[36mINFO[0m[0002] Taking snapshot of files...                  
2020/03/20 12:16:10 pushed blob: sha256:e26c655d4a7bb6e272dc3777b5d57ee60673afefd553533e04986b79c3096fec
2020/03/20 12:16:11 pushed blob: sha256:4dfd114220dba41157805ba86af1d57a0e6a5b982319d4ad0153de34965b2109
2020/03/20 12:16:12 gcr.io/*********-multicluster/godemo37:0.0.5: digest: sha256:786f260693f11fa0f8752e8d96fd82d04270e3273bb3895d396ab3875a07c294 size: 428

Showing logs for build [32mjstrachan-godemo37-master-pd9cf-5[0m stage [32mfrom-build-pack[0m and container [32mstep-build-post-build[0m
no CVE provider running in the current ** namespace so skip adding image to be analysed

Showing logs for build [32mjstrachan-godemo37-master-pd9cf-5[0m stage [32mfrom-build-pack[0m and container [32mstep-promote-changelog[0m
Converted /workspace/source/charts/godemo37 to an unshallow repository
Generating change log from git ref e93b753ba215ba44f2a5c7b9d77610873e71f9bc => 27c584fbe9cc7bfaf2ee041221097ab541724aac
Associating user x-0 in users.jenkins.io with email james.strachan@gmail.com to git GitProvider user with login -0 as emails match
Adding label jenkins.io/git-github-userid=-0 to user x-0 in users.jenkins.io
WARNING: Failed to enrich commit 6f47e56de4f67aa27a507f88666edbb0d6b71e2f with issues: User.jenkins.io "x-0" is invalid: metadata.labels: Invalid value: "-0": a valid label must be an empty string or consist of alphanumeric characters, '-', '_' or '.', and must start and end with an alphanumeric character (e.g. 'MyValue',  or 'my_value',  or '12345', regex used for validation is '(([A-Za-z0-9][-A-Za-z0-9_.]*)?[A-Za-z0-9])?')
Associating user x-0 in users.jenkins.io with email james.strachan@gmail.com to git GitProvider user with login -0 as emails match
Adding label jenkins.io/git-github-userid=-0 to user x-0 in users.jenkins.io
WARNING: Failed to enrich commit 6f47e56de4f67aa27a507f88666edbb0d6b71e2f with issues: User.jenkins.io "x-0" is invalid: metadata.labels: Invalid value: "-0": a valid label must be an empty string or consist of alphanumeric characters, '-', '_' or '.', and must start and end with an alphanumeric character (e.g. 'MyValue',  or 'my_value',  or '12345', regex used for validation is '(([A-Za-z0-9][-A-Za-z0-9_.]*)?[A-Za-z0-9])?')
Finding issues in commit messages using git format
WARNING: No release found for *********/godemo37 and tag v0.0.5 so creating a new release
Updated the release information at https://github.com/*********/godemo37/releases/tag/v0.0.5
generated: /workspace/source/charts/godemo37/templates/release.yaml
Created Release godemo37-0-0-5 resource in namespace **
Updating PipelineActivity *********-godemo37-master-5 with version 0.0.5
Updated PipelineActivities *********-godemo37-master-5 with release notes URL: https://github.com/*********/godemo37/releases/tag/v0.0.5

Showing logs for build [32mjstrachan-godemo37-master-pd9cf-5[0m stage [32mfrom-build-pack[0m and container [32mstep-promote-helm-release[0m
Adding missing Helm repo: storage.googleapis.com https://storage.googleapis.com/chartmuseum.jenkins-x.io
Successfully added Helm repository storage.googleapis.com.
Adding missing Helm repo: bucketrepo http://bucketrepo/bucketrepo/charts/
Successfully added Helm repository bucketrepo.
Uploading chart file godemo37-0.0.5.tgz to http://bucketrepo/bucketrepo/charts/api/charts
Received 200 response: 

Showing logs for build [32mjstrachan-godemo37-master-pd9cf-5[0m stage [32mfrom-build-pack[0m and container [32mstep-promote-jx-promote[0m
WARNING: prow based install so skip waiting for the merge of Pull Requests to go green as currently there is an issue with gettingstatuses from the PR, see https://github.com/jenkins-x/**/issues/2410
WARNING: No $CHART_REPOSITORY defined so using the default value of: http://jenkins-x-chartmuseum:8080
Promoting app godemo37 version 0.0.5 to namespace **-staging
WARNING: 
Created Pull Request: https://github.com/*********/environment-bucketrepo-staging/pull/31
Added label updatebot to Pull Request https://github.com/*********/environment-bucketrepo-staging/pull/31
WARNING: Failed to query the Pull Request last commit status for https://github.com/*********/environment-bucketrepo-staging/pull/31 ref 6920244e1b14d9d432c6ffb12213c84ab0c4d793 Could not find a status for repository *********/environment-bucketrepo-staging with ref 6920244e1b14d9d432c6ffb12213c84ab0c4d793
got git provider status pending from PR https://github.com/*********/environment-bucketrepo-staging/pull/31
got git provider status pending from PR https://github.com/*********/environment-bucketrepo-staging/pull/31
got git provider status pending from PR https://github.com/*********/environment-bucketrepo-staging/pull/31
Pull Request https://github.com/*********/environment-bucketrepo-staging/pull/31 is merged at sha c0ddc87489f844813102bbe94c39114c470fc6ab
Pull Request merged but we are not waiting for the update pipeline to complete!
