
Showing logs for build [32mjstrachan-godemo37-master-7978n-6[0m stage [32mfrom-build-pack[0m and container [32mstep-credential-initializer-6mn2w[0m
{"level":"warn","ts":1584711290.3538947,"logger":"fallback-logger","caller":"logging/config.go:69","msg":"Fetch GitHub commit ID from kodata failed: \"ref: refs/heads/0.8.0-**-support-backwards-incompats\" is not a valid GitHub commit ID"}
{"level":"info","ts":1584711290.3544538,"logger":"fallback-logger","caller":"creds-init/main.go:40","msg":"Credentials initialized."}

Showing logs for build [32mjstrachan-godemo37-master-7978n-6[0m stage [32mfrom-build-pack[0m and container [32mstep-working-dir-initializer-7xz9z[0m
{"level":"warn","ts":1584711291.4109294,"logger":"fallback-logger","caller":"logging/config.go:69","msg":"Fetch GitHub commit ID from kodata failed: open /var/run/ko/HEAD: no such file or directory"}
{"level":"info","ts":1584711291.4125984,"logger":"fallback-logger","caller":"bash/main.go:64","msg":"Successfully executed command \"sh -c mkdir -p /workspace/source\"; output "}

Showing logs for build [32mjstrachan-godemo37-master-7978n-6[0m stage [32mfrom-build-pack[0m and container [32mstep-place-tools[0m

Showing logs for build [32mjstrachan-godemo37-master-7978n-6[0m stage [32mfrom-build-pack[0m and container [32mstep-git-source-jstrachan-godemo37-master-7978n-2vfhg[0m
{"level":"warn","ts":1584711298.585929,"logger":"fallback-logger","caller":"logging/config.go:69","msg":"Fetch GitHub commit ID from kodata failed: \"ref: refs/heads/0.8.0-**-support-backwards-incompats\" is not a valid GitHub commit ID"}
{"level":"info","ts":1584711299.6351855,"logger":"fallback-logger","caller":"git/git.go:103","msg":"Successfully cloned https://github.com/*********/godemo37.git @ v0.0.6 in path /workspace/source"}

Showing logs for build [32mjstrachan-godemo37-master-7978n-6[0m stage [32mfrom-build-pack[0m and container [32mstep-git-merge[0m
Using SHAs from PULL_REFS=master:
WARNING: no SHAs to merge, falling back to initial cloned commit

Showing logs for build [32mjstrachan-godemo37-master-7978n-6[0m stage [32mfrom-build-pack[0m and container [32mstep-setup-jx-git-credentials[0m
Generated Git credentials file /workspace/xdg_config/git/credentials

Showing logs for build [32mjstrachan-godemo37-master-7978n-6[0m stage [32mfrom-build-pack[0m and container [32mstep-build-make-build[0m
CGO_ENABLED=0 GO15VENDOREXPERIMENT=1 go build -ldflags '' -o bin/godemo37 main.go

Showing logs for build [32mjstrachan-godemo37-master-7978n-6[0m stage [32mfrom-build-pack[0m and container [32mstep-build-container-build[0m
ERROR: logging before flag.Parse: E0320 13:35:13.158333      11 metadata.go:241] Failed to unmarshal scopes: invalid character 'h' looking for beginning of value
[36mINFO[0m[0001] No base image, nothing to extract            
[36mINFO[0m[0001] cmd: EXPOSE                                  
[36mINFO[0m[0001] Adding exposed port: 8080/tcp                
[36mINFO[0m[0001] Using files from context: [/workspace/source/bin] 
[36mINFO[0m[0001] Skipping unpacking as no commands require it. 
[36mINFO[0m[0001] Taking snapshot of full filesystem...        
[36mINFO[0m[0001] EXPOSE 8080                                  
[36mINFO[0m[0001] cmd: EXPOSE                                  
[36mINFO[0m[0001] Adding exposed port: 8080/tcp                
[36mINFO[0m[0001] No files changed in this command, skipping snapshotting. 
[36mINFO[0m[0001] ENTRYPOINT ["/godemo37"]                     
[36mINFO[0m[0001] No files changed in this command, skipping snapshotting. 
[36mINFO[0m[0001] Using files from context: [/workspace/source/bin] 
[36mINFO[0m[0001] COPY ./bin/ /                                
[36mINFO[0m[0001] Taking snapshot of files...                  
2020/03/20 13:35:17 pushed blob: sha256:1b6e3b5b14c2815dab99e330828b907cd16ed49fc6d6da083556b95e05b3512a
2020/03/20 13:35:17 pushed blob: sha256:9a627bcc96fdd4b47c74daa8ed6f15cf6b866f4b97cba50c567fb96e33cfee76
2020/03/20 13:35:19 gcr.io/*********-multicluster/godemo37:0.0.6: digest: sha256:25add3a07067fd05c271deb53d0a650ebd967f18b507902ff49df06592719c95 size: 428

Showing logs for build [32mjstrachan-godemo37-master-7978n-6[0m stage [32mfrom-build-pack[0m and container [32mstep-build-post-build[0m
no CVE provider running in the current ** namespace so skip adding image to be analysed

Showing logs for build [32mjstrachan-godemo37-master-7978n-6[0m stage [32mfrom-build-pack[0m and container [32mstep-promote-changelog[0m
Converted /workspace/source/charts/godemo37 to an unshallow repository
Generating change log from git ref 27c584fbe9cc7bfaf2ee041221097ab541724aac => e4f10c53cf9de45f37c0aa62627039b87a0725a5
WARNING: No release found for *********/godemo37 and tag v0.0.6 so creating a new release
Updated the release information at https://github.com/*********/godemo37/releases/tag/v0.0.6
generated: /workspace/source/charts/godemo37/templates/release.yaml
Created Release godemo37-0-0-6 resource in namespace **
Updating PipelineActivity *********-godemo37-master-6 with version 0.0.6
Updated PipelineActivities *********-godemo37-master-6 with release notes URL: https://github.com/*********/godemo37/releases/tag/v0.0.6

Showing logs for build [32mjstrachan-godemo37-master-7978n-6[0m stage [32mfrom-build-pack[0m and container [32mstep-promote-helm-release[0m
Adding missing Helm repo: storage.googleapis.com https://storage.googleapis.com/chartmuseum.jenkins-x.io
Successfully added Helm repository storage.googleapis.com.
Adding missing Helm repo: bucketrepo http://bucketrepo/bucketrepo/charts/
Successfully added Helm repository bucketrepo.
Uploading chart file godemo37-0.0.6.tgz to http://bucketrepo/bucketrepo/charts/api/charts
Received 200 response: 

Showing logs for build [32mjstrachan-godemo37-master-7978n-6[0m stage [32mfrom-build-pack[0m and container [32mstep-promote-jx-promote[0m
WARNING: prow based install so skip waiting for the merge of Pull Requests to go green as currently there is an issue with gettingstatuses from the PR, see https://github.com/jenkins-x/**/issues/2410
WARNING: No $CHART_REPOSITORY defined so using the default value of: http://jenkins-x-chartmuseum:8080
Promoting app godemo37 version 0.0.6 to namespace **-staging
WARNING: 
Created Pull Request: https://github.com/*********/environment-bucketrepo-staging/pull/32
Added label updatebot to Pull Request https://github.com/*********/environment-bucketrepo-staging/pull/32
WARNING: Failed to query the Pull Request last commit status for https://github.com/*********/environment-bucketrepo-staging/pull/32 ref 355d734b8d4112ade79d35840211d19216032d2b Could not find a status for repository *********/environment-bucketrepo-staging with ref 355d734b8d4112ade79d35840211d19216032d2b
got git provider status pending from PR https://github.com/*********/environment-bucketrepo-staging/pull/32
got git provider status pending from PR https://github.com/*********/environment-bucketrepo-staging/pull/32
got git provider status pending from PR https://github.com/*********/environment-bucketrepo-staging/pull/32
Pull Request https://github.com/*********/environment-bucketrepo-staging/pull/32 is merged at sha 51085d1740afa3ed1fa7da410010e6fc674ed9f2
Pull Request merged but we are not waiting for the update pipeline to complete!
